2024-06-20 11:15:01 DEBUG Calculator:21 - Called with parameters 5.0 0.0
2024-06-20 11:15:01 ERROR Calculator:23 - division by 0
2024-06-20 11:15:01 DEBUG Calculator:21 - Called with parameters 16.0 8.0
2024-06-20 11:15:01 DEBUG Calculator:21 - Called with parameters 1.0 0.0
2024-06-20 11:15:01 ERROR Calculator:23 - division by 0
2024-06-20 11:15:01 DEBUG Calculator:35 - Called with parameter 2
2024-06-20 11:15:01 DEBUG Calculator:35 - Called with parameter 5
2024-06-20 11:15:01 DEBUG Calculator:35 - Called with parameter -4
2024-06-20 11:15:01 DEBUG Calculator:10 - Called with parameters 4.0 5.0
2024-06-20 11:15:01 DEBUG Calculator:10 - Called with parameters -3.0 -5.0
2024-06-20 11:15:01 DEBUG Calculator:10 - Called with parameters 0.8 0.8
2024-06-20 11:15:01 DEBUG Calculator:16 - Called with parameters 10.0 8.0
2024-06-20 11:15:01 DEBUG Calculator:16 - Called with parameters -4.0 -8.0
2024-06-20 11:15:01 DEBUG Calculator:16 - Called with parameters 6.0 0.5
2024-06-20 11:15:01 DEBUG Calculator:30 - Called with parameters 5.0 5.0
2024-06-20 11:15:01 DEBUG Calculator:30 - Called with parameters -9.0 -6.0
2024-06-20 11:15:01 DEBUG Calculator:30 - Called with parameters 4.0 8.2
2024-06-20 11:22:25 DEBUG Calculator:21 - Called with parameters 5.0 0.0
2024-06-20 11:22:25 ERROR Calculator:23 - division by 0
2024-06-20 11:22:25 DEBUG Calculator:21 - Called with parameters 16.0 8.0
2024-06-20 11:22:25 DEBUG Calculator:21 - Called with parameters 1.0 0.0
2024-06-20 11:22:25 ERROR Calculator:23 - division by 0
2024-06-20 11:22:25 DEBUG Calculator:35 - Called with parameter 2
2024-06-20 11:22:25 DEBUG Calculator:35 - Called with parameter 5
2024-06-20 11:22:25 DEBUG Calculator:35 - Called with parameter -4
2024-06-20 11:22:25 DEBUG Calculator:10 - Called with parameters 4.0 5.0
2024-06-20 11:22:25 DEBUG Calculator:10 - Called with parameters -3.0 -5.0
2024-06-20 11:22:25 DEBUG Calculator:10 - Called with parameters 0.8 0.8
2024-06-20 11:22:25 DEBUG Calculator:16 - Called with parameters 10.0 8.0
2024-06-20 11:22:25 DEBUG Calculator:16 - Called with parameters -4.0 -8.0
2024-06-20 11:22:25 DEBUG Calculator:16 - Called with parameters 6.0 0.5
2024-06-20 11:22:25 DEBUG Calculator:30 - Called with parameters 5.0 5.0
2024-06-20 11:22:25 DEBUG Calculator:30 - Called with parameters -9.0 -6.0
2024-06-20 11:22:25 DEBUG Calculator:30 - Called with parameters 4.0 8.2
2024-06-20 11:22:47 DEBUG Calculator:10 - Called with parameters 3.0 7.0
2024-06-20 11:22:47 DEBUG Calculator:16 - Called with parameters 4.0 2.0
2024-06-20 11:22:47 DEBUG Calculator:21 - Called with parameters 10.0 2.0
2024-06-20 11:22:47 DEBUG Calculator:30 - Called with parameters 2.0 6.0
2024-06-20 11:22:47 ERROR main:19 - It is an error logger.
2024-06-20 11:22:47 INFO  main:20 - It is a info logger.
2024-06-20 22:45:49 DEBUG Calculator:10 - Called with parameters 3.0 7.0
2024-06-20 22:45:49 DEBUG Calculator:16 - Called with parameters 4.0 2.0
2024-06-20 22:45:49 DEBUG Calculator:21 - Called with parameters 10.0 2.0
2024-06-20 22:45:49 DEBUG Calculator:30 - Called with parameters 2.0 6.0
2024-06-20 22:45:49 ERROR main:19 - It is an error logger.
2024-06-20 22:45:49 INFO  main:20 - It is a info logger.
2024-06-20 22:46:05 DEBUG Calculator:21 - Called with parameters 5.0 0.0
2024-06-20 22:46:05 ERROR Calculator:23 - division by 0
2024-06-20 22:46:05 DEBUG Calculator:21 - Called with parameters 16.0 8.0
2024-06-20 22:46:05 DEBUG Calculator:21 - Called with parameters 1.0 0.0
2024-06-20 22:46:05 ERROR Calculator:23 - division by 0
2024-06-20 22:46:05 DEBUG Calculator:35 - Called with parameter 2
2024-06-20 22:46:05 DEBUG Calculator:35 - Called with parameter 5
2024-06-20 22:46:05 DEBUG Calculator:35 - Called with parameter -4
2024-06-20 22:46:05 DEBUG Calculator:10 - Called with parameters 4.0 5.0
2024-06-20 22:46:05 DEBUG Calculator:10 - Called with parameters -3.0 -5.0
2024-06-20 22:46:05 DEBUG Calculator:10 - Called with parameters 0.8 0.8
2024-06-20 22:46:05 DEBUG Calculator:16 - Called with parameters 10.0 8.0
2024-06-20 22:46:05 DEBUG Calculator:16 - Called with parameters -4.0 -8.0
2024-06-20 22:46:05 DEBUG Calculator:16 - Called with parameters 6.0 0.5
2024-06-20 22:46:05 DEBUG Calculator:30 - Called with parameters 5.0 5.0
2024-06-20 22:46:05 DEBUG Calculator:30 - Called with parameters -9.0 -6.0
2024-06-20 22:46:05 DEBUG Calculator:30 - Called with parameters 4.0 8.2
2024-07-01 12:09:03 DEBUG Calculator:45 - Called with parameters 5.0 0.0
2024-07-01 12:09:03 ERROR Calculator:47 - division by 0
2024-07-01 12:09:03 DEBUG Calculator:45 - Called with parameters 16.0 8.0
2024-07-01 12:09:03 DEBUG Calculator:45 - Called with parameters 1.0 0.0
2024-07-01 12:09:03 ERROR Calculator:47 - division by 0
2024-07-01 12:09:03 DEBUG Calculator:70 - Called with parameter 2
2024-07-01 12:09:03 DEBUG Calculator:70 - Called with parameter 5
2024-07-01 12:09:03 DEBUG Calculator:70 - Called with parameter -4
2024-07-01 12:09:03 DEBUG Calculator:21 - Called with parameters 4.0 5.0
2024-07-01 12:09:03 DEBUG Calculator:21 - Called with parameters -3.0 -5.0
2024-07-01 12:09:03 DEBUG Calculator:21 - Called with parameters 0.8 0.8
2024-07-01 12:09:03 DEBUG Calculator:33 - Called with parameters 10.0 8.0
2024-07-01 12:09:03 DEBUG Calculator:33 - Called with parameters -4.0 -8.0
2024-07-01 12:09:03 DEBUG Calculator:33 - Called with parameters 6.0 0.5
2024-07-01 12:09:03 DEBUG Calculator:60 - Called with parameters 5.0 5.0
2024-07-01 12:09:03 DEBUG Calculator:60 - Called with parameters -9.0 -6.0
2024-07-01 12:09:03 DEBUG Calculator:60 - Called with parameters 4.0 8.2
2024-07-01 12:45:56 DEBUG Calculator:45 - Called with parameters 5.0 0.0
2024-07-01 12:45:56 ERROR Calculator:47 - division by 0
2024-07-01 12:45:56 DEBUG Calculator:45 - Called with parameters 16.0 8.0
2024-07-01 12:45:56 DEBUG Calculator:45 - Called with parameters 1.0 0.0
2024-07-01 12:45:56 ERROR Calculator:47 - division by 0
2024-07-01 12:45:56 DEBUG Calculator:70 - Called with parameter 2
2024-07-01 12:45:56 DEBUG Calculator:70 - Called with parameter 5
2024-07-01 12:45:56 DEBUG Calculator:70 - Called with parameter -4
2024-07-01 12:45:56 DEBUG Calculator:21 - Called with parameters 4.0 5.0
2024-07-01 12:45:56 DEBUG Calculator:21 - Called with parameters -3.0 -5.0
2024-07-01 12:45:56 DEBUG Calculator:21 - Called with parameters 0.8 0.8
2024-07-01 12:45:56 DEBUG Calculator:33 - Called with parameters 10.0 8.0
2024-07-01 12:45:56 DEBUG Calculator:33 - Called with parameters -4.0 -8.0
2024-07-01 12:45:56 DEBUG Calculator:33 - Called with parameters 6.0 0.5
2024-07-01 12:45:56 DEBUG Calculator:60 - Called with parameters 5.0 5.0
2024-07-01 12:45:56 DEBUG Calculator:60 - Called with parameters -9.0 -6.0
2024-07-01 12:45:56 DEBUG Calculator:60 - Called with parameters 4.0 8.2
2024-07-01 12:46:52 DEBUG Calculator:45 - Called with parameters 5.0 0.0
2024-07-01 12:46:52 ERROR Calculator:47 - division by 0
2024-07-01 12:46:52 DEBUG Calculator:45 - Called with parameters 16.0 8.0
2024-07-01 12:46:52 DEBUG Calculator:45 - Called with parameters 1.0 0.0
2024-07-01 12:46:52 ERROR Calculator:47 - division by 0
2024-07-01 12:46:52 DEBUG Calculator:70 - Called with parameter 2
2024-07-01 12:46:52 DEBUG Calculator:70 - Called with parameter 5
2024-07-01 12:46:52 DEBUG Calculator:70 - Called with parameter -4
2024-07-01 12:46:52 DEBUG Calculator:21 - Called with parameters 4.0 5.0
2024-07-01 12:46:52 DEBUG Calculator:21 - Called with parameters -3.0 -5.0
2024-07-01 12:46:52 DEBUG Calculator:21 - Called with parameters 0.8 0.8
2024-07-01 12:46:52 DEBUG Calculator:33 - Called with parameters 10.0 8.0
2024-07-01 12:46:52 DEBUG Calculator:33 - Called with parameters -4.0 -8.0
2024-07-01 12:46:52 DEBUG Calculator:33 - Called with parameters 6.0 0.5
2024-07-01 12:46:52 DEBUG Calculator:60 - Called with parameters 5.0 5.0
2024-07-01 12:46:52 DEBUG Calculator:60 - Called with parameters -9.0 -6.0
2024-07-01 12:46:52 DEBUG Calculator:60 - Called with parameters 4.0 8.2
2024-07-01 13:04:03 DEBUG Calculator:45 - Called with parameters 5.0 0.0
2024-07-01 13:04:03 ERROR Calculator:47 - division by 0
2024-07-01 13:04:03 DEBUG Calculator:45 - Called with parameters 16.0 8.0
2024-07-01 13:04:03 DEBUG Calculator:45 - Called with parameters 1.0 0.0
2024-07-01 13:04:03 ERROR Calculator:47 - division by 0
2024-07-01 13:04:03 DEBUG Calculator:70 - Called with parameter 2
2024-07-01 13:04:03 DEBUG Calculator:70 - Called with parameter 5
2024-07-01 13:04:03 DEBUG Calculator:70 - Called with parameter -4
2024-07-01 13:04:03 DEBUG Calculator:21 - Called with parameters 4.0 5.0
2024-07-01 13:04:03 DEBUG Calculator:21 - Called with parameters -3.0 -5.0
2024-07-01 13:04:03 DEBUG Calculator:21 - Called with parameters 0.8 0.8
2024-07-01 13:04:03 DEBUG Calculator:33 - Called with parameters 10.0 8.0
2024-07-01 13:04:03 DEBUG Calculator:33 - Called with parameters -4.0 -8.0
2024-07-01 13:04:03 DEBUG Calculator:33 - Called with parameters 6.0 0.5
2024-07-01 13:04:03 DEBUG Calculator:60 - Called with parameters 5.0 5.0
2024-07-01 13:04:03 DEBUG Calculator:60 - Called with parameters -9.0 -6.0
2024-07-01 13:04:03 DEBUG Calculator:60 - Called with parameters 4.0 8.2
2024-07-01 13:05:07 DEBUG Calculator:45 - Called with parameters 5.0 0.0
2024-07-01 13:05:07 ERROR Calculator:47 - division by 0
2024-07-01 13:05:07 DEBUG Calculator:45 - Called with parameters 16.0 8.0
2024-07-01 13:05:07 DEBUG Calculator:45 - Called with parameters 1.0 0.0
2024-07-01 13:05:07 ERROR Calculator:47 - division by 0
2024-07-01 13:05:07 DEBUG Calculator:70 - Called with parameter 2
2024-07-01 13:05:07 DEBUG Calculator:70 - Called with parameter 5
2024-07-01 13:05:07 DEBUG Calculator:70 - Called with parameter -4
2024-07-01 13:05:07 DEBUG Calculator:21 - Called with parameters 4.0 5.0
2024-07-01 13:05:07 DEBUG Calculator:21 - Called with parameters -3.0 -5.0
2024-07-01 13:05:07 DEBUG Calculator:21 - Called with parameters 0.8 0.8
2024-07-01 13:05:07 DEBUG Calculator:33 - Called with parameters 10.0 8.0
2024-07-01 13:05:07 DEBUG Calculator:33 - Called with parameters -4.0 -8.0
2024-07-01 13:05:07 DEBUG Calculator:33 - Called with parameters 6.0 0.5
2024-07-01 13:05:07 DEBUG Calculator:60 - Called with parameters 5.0 5.0
2024-07-01 13:05:07 DEBUG Calculator:60 - Called with parameters -9.0 -6.0
2024-07-01 13:05:07 DEBUG Calculator:60 - Called with parameters 4.0 8.2
2024-07-01 13:08:18 DEBUG Calculator:45 - Called with parameters 5.0 0.0
2024-07-01 13:08:18 ERROR Calculator:47 - division by 0
2024-07-01 13:08:18 DEBUG Calculator:45 - Called with parameters 16.0 8.0
2024-07-01 13:08:18 DEBUG Calculator:45 - Called with parameters 1.0 0.0
2024-07-01 13:08:18 ERROR Calculator:47 - division by 0
2024-07-01 13:08:18 DEBUG Calculator:71 - Called with parameter 2
2024-07-01 13:08:18 DEBUG Calculator:71 - Called with parameter 5
2024-07-01 13:08:18 DEBUG Calculator:71 - Called with parameter -4
2024-07-01 13:08:18 DEBUG Calculator:21 - Called with parameters 4.0 5.0
2024-07-01 13:08:18 DEBUG Calculator:21 - Called with parameters -3.0 -5.0
2024-07-01 13:08:18 DEBUG Calculator:21 - Called with parameters 0.8 0.8
2024-07-01 13:08:18 DEBUG Calculator:33 - Called with parameters 10.0 8.0
2024-07-01 13:08:18 DEBUG Calculator:33 - Called with parameters -4.0 -8.0
2024-07-01 13:08:18 DEBUG Calculator:33 - Called with parameters 6.0 0.5
2024-07-01 13:08:18 DEBUG Calculator:61 - Called with parameters 5.0 5.0
2024-07-01 13:08:18 DEBUG Calculator:61 - Called with parameters -9.0 -6.0
2024-07-01 13:08:18 DEBUG Calculator:61 - Called with parameters 4.0 8.2
2024-07-01 13:10:13 DEBUG Calculator:45 - Called with parameters 5.0 0.0
2024-07-01 13:10:13 ERROR Calculator:47 - division by 0
2024-07-01 13:10:13 DEBUG Calculator:45 - Called with parameters 16.0 8.0
2024-07-01 13:10:13 DEBUG Calculator:45 - Called with parameters 1.0 0.0
2024-07-01 13:10:13 ERROR Calculator:47 - division by 0
2024-07-01 13:10:13 DEBUG Calculator:71 - Called with parameter 2
2024-07-01 13:10:13 DEBUG Calculator:71 - Called with parameter 5
2024-07-01 13:10:13 DEBUG Calculator:71 - Called with parameter -4
2024-07-01 13:10:13 DEBUG Calculator:21 - Called with parameters 4.0 5.0
2024-07-01 13:10:13 DEBUG Calculator:21 - Called with parameters -3.0 -5.0
2024-07-01 13:10:13 DEBUG Calculator:21 - Called with parameters 0.8 0.8
2024-07-01 13:10:13 DEBUG Calculator:33 - Called with parameters 10.0 8.0
2024-07-01 13:10:13 DEBUG Calculator:33 - Called with parameters -4.0 -8.0
2024-07-01 13:10:13 DEBUG Calculator:33 - Called with parameters 6.0 0.5
2024-07-01 13:10:13 DEBUG Calculator:61 - Called with parameters 5.0 5.0
2024-07-01 13:10:13 DEBUG Calculator:61 - Called with parameters -9.0 -6.0
2024-07-01 13:10:13 DEBUG Calculator:61 - Called with parameters 4.0 8.2
2024-07-01 13:33:36 DEBUG Calculator:45 - Called with parameters 1.0 0.0
2024-07-01 13:33:36 ERROR Calculator:47 - division by 0
2024-07-01 13:33:36 DEBUG Calculator:45 - Called with parameters 16.0 8.0
2024-07-01 13:33:36 DEBUG Calculator:45 - Called with parameters 1.0 0.0
2024-07-01 13:33:36 ERROR Calculator:47 - division by 0
2024-07-01 13:33:36 DEBUG Calculator:72 - Called with parameter 2
2024-07-01 13:33:36 DEBUG Calculator:72 - Called with parameter 5
2024-07-01 13:33:36 DEBUG Calculator:72 - Called with parameter -4
2024-07-01 13:33:36 DEBUG Calculator:21 - Called with parameters 4.0 5.0
2024-07-01 13:33:36 DEBUG Calculator:21 - Called with parameters -3.0 -5.0
2024-07-01 13:33:36 DEBUG Calculator:21 - Called with parameters 0.8 0.8
2024-07-01 13:33:36 DEBUG Calculator:33 - Called with parameters 10.0 8.0
2024-07-01 13:33:36 DEBUG Calculator:33 - Called with parameters -4.0 -8.0
2024-07-01 13:33:36 DEBUG Calculator:33 - Called with parameters 6.0 0.5
2024-07-01 13:33:36 DEBUG Calculator:62 - Called with parameters 5.0 5.0
2024-07-01 13:33:36 DEBUG Calculator:62 - Called with parameters -9.0 -6.0
2024-07-01 13:33:36 DEBUG Calculator:62 - Called with parameters 4.0 8.2
2024-07-01 13:34:25 DEBUG Calculator:45 - Called with parameters 16.0 8.0
2024-07-01 13:34:25 DEBUG Calculator:45 - Called with parameters 1.0 0.0
2024-07-01 13:34:25 ERROR Calculator:47 - division by 0
2024-07-01 13:34:25 DEBUG Calculator:72 - Called with parameter 2
2024-07-01 13:34:25 DEBUG Calculator:72 - Called with parameter 5
2024-07-01 13:34:25 DEBUG Calculator:72 - Called with parameter -4
2024-07-01 13:34:25 DEBUG Calculator:21 - Called with parameters 4.0 5.0
2024-07-01 13:34:25 DEBUG Calculator:21 - Called with parameters -3.0 -5.0
2024-07-01 13:34:25 DEBUG Calculator:21 - Called with parameters 0.8 0.8
2024-07-01 13:34:25 DEBUG Calculator:33 - Called with parameters 10.0 8.0
2024-07-01 13:34:25 DEBUG Calculator:33 - Called with parameters -4.0 -8.0
2024-07-01 13:34:25 DEBUG Calculator:33 - Called with parameters 6.0 0.5
2024-07-01 13:34:25 DEBUG Calculator:62 - Called with parameters 5.0 5.0
2024-07-01 13:34:25 DEBUG Calculator:62 - Called with parameters -9.0 -6.0
2024-07-01 13:34:25 DEBUG Calculator:62 - Called with parameters 4.0 8.2
2024-07-01 13:34:48 DEBUG Calculator:45 - Called with parameters 16.0 8.0
2024-07-01 13:34:48 DEBUG Calculator:45 - Called with parameters 1.0 0.0
2024-07-01 13:34:48 ERROR Calculator:47 - division by 0
2024-07-01 13:34:48 DEBUG Calculator:45 - Called with parameters -100.0 -10.0
2024-07-01 13:34:48 DEBUG Calculator:72 - Called with parameter 2
2024-07-01 13:34:48 DEBUG Calculator:72 - Called with parameter 5
2024-07-01 13:34:49 DEBUG Calculator:72 - Called with parameter -4
2024-07-01 13:34:49 DEBUG Calculator:21 - Called with parameters 4.0 5.0
2024-07-01 13:34:49 DEBUG Calculator:21 - Called with parameters -3.0 -5.0
2024-07-01 13:34:49 DEBUG Calculator:21 - Called with parameters 0.8 0.8
2024-07-01 13:34:49 DEBUG Calculator:33 - Called with parameters 10.0 8.0
2024-07-01 13:34:49 DEBUG Calculator:33 - Called with parameters -4.0 -8.0
2024-07-01 13:34:49 DEBUG Calculator:33 - Called with parameters 6.0 0.5
2024-07-01 13:34:49 DEBUG Calculator:62 - Called with parameters 5.0 5.0
2024-07-01 13:34:49 DEBUG Calculator:62 - Called with parameters -9.0 -6.0
2024-07-01 13:34:49 DEBUG Calculator:62 - Called with parameters 4.0 8.2
2024-07-01 13:39:27 DEBUG Calculator:45 - Called with parameters 16.0 8.0
2024-07-01 13:39:27 DEBUG Calculator:45 - Called with parameters -100.0 -10.0
2024-07-01 13:39:27 DEBUG Calculator:45 - Called with parameters 1.0 0.0
2024-07-01 13:39:27 ERROR Calculator:47 - division by 0
2024-07-01 13:39:27 DEBUG Calculator:71 - Called with parameter 2
2024-07-01 13:39:27 DEBUG Calculator:71 - Called with parameter 5
2024-07-01 13:39:27 DEBUG Calculator:71 - Called with parameter -4
2024-07-01 13:39:27 DEBUG Calculator:21 - Called with parameters 4.0 5.0
2024-07-01 13:39:27 DEBUG Calculator:21 - Called with parameters -3.0 -5.0
2024-07-01 13:39:27 DEBUG Calculator:21 - Called with parameters 0.8 0.8
2024-07-01 13:39:27 DEBUG Calculator:33 - Called with parameters 10.0 8.0
2024-07-01 13:39:27 DEBUG Calculator:33 - Called with parameters -4.0 -8.0
2024-07-01 13:39:27 DEBUG Calculator:33 - Called with parameters 6.0 0.5
2024-07-01 13:39:27 DEBUG Calculator:61 - Called with parameters 5.0 5.0
2024-07-01 13:39:27 DEBUG Calculator:61 - Called with parameters -9.0 -6.0
2024-07-01 13:39:27 DEBUG Calculator:61 - Called with parameters 4.0 8.2
2024-07-01 13:40:30 DEBUG Calculator:45 - Called with parameters 16.0 8.0
2024-07-01 13:40:30 DEBUG Calculator:45 - Called with parameters -100.0 -10.0
2024-07-01 13:40:30 DEBUG Calculator:45 - Called with parameters 1.0 0.0
2024-07-01 13:40:30 ERROR Calculator:47 - division by 0
2024-07-01 13:40:30 DEBUG Calculator:70 - Called with parameter 2
2024-07-01 13:40:30 DEBUG Calculator:70 - Called with parameter 5
2024-07-01 13:40:30 DEBUG Calculator:70 - Called with parameter -4
2024-07-01 13:40:30 DEBUG Calculator:21 - Called with parameters 4.0 5.0
2024-07-01 13:40:30 DEBUG Calculator:21 - Called with parameters -3.0 -5.0
2024-07-01 13:40:30 DEBUG Calculator:21 - Called with parameters 0.8 0.8
2024-07-01 13:40:30 DEBUG Calculator:33 - Called with parameters 10.0 8.0
2024-07-01 13:40:30 DEBUG Calculator:33 - Called with parameters -4.0 -8.0
2024-07-01 13:40:30 DEBUG Calculator:33 - Called with parameters 6.0 0.5
2024-07-01 13:40:30 DEBUG Calculator:60 - Called with parameters 5.0 5.0
2024-07-01 13:40:30 DEBUG Calculator:60 - Called with parameters -9.0 -6.0
2024-07-01 13:40:30 DEBUG Calculator:60 - Called with parameters 4.0 8.2
2024-07-01 13:58:16 DEBUG Calculator:45 - Called with parameters 16.0 8.0
2024-07-01 13:58:16 DEBUG Calculator:45 - Called with parameters -100.0 -10.0
2024-07-01 13:58:16 DEBUG Calculator:45 - Called with parameters 1.0 0.0
2024-07-01 13:58:16 ERROR Calculator:47 - division by 0
2024-07-01 13:58:17 DEBUG Calculator:70 - Called with parameter 2
2024-07-01 13:58:17 DEBUG Calculator:70 - Called with parameter 5
2024-07-01 13:58:17 DEBUG Calculator:70 - Called with parameter -4
2024-07-01 13:58:17 DEBUG Calculator:21 - Called with parameters 4.0 5.0
2024-07-01 13:58:17 DEBUG Calculator:21 - Called with parameters -3.0 -5.0
2024-07-01 13:58:17 DEBUG Calculator:21 - Called with parameters 0.8 0.8
2024-07-01 13:58:17 DEBUG Calculator:33 - Called with parameters 10.0 8.0
2024-07-01 13:58:17 DEBUG Calculator:33 - Called with parameters -4.0 -8.0
2024-07-01 13:58:17 DEBUG Calculator:33 - Called with parameters 6.0 0.5
2024-07-01 13:58:17 DEBUG Calculator:60 - Called with parameters 5.0 5.0
2024-07-01 13:58:17 DEBUG Calculator:60 - Called with parameters -9.0 -6.0
2024-07-01 13:58:17 DEBUG Calculator:60 - Called with parameters 4.0 8.2
2024-07-01 16:02:20 DEBUG Calculator:45 - Called with parameters 16.0 8.0
2024-07-01 16:02:20 DEBUG Calculator:45 - Called with parameters -100.0 -10.0
2024-07-01 16:02:20 DEBUG Calculator:45 - Called with parameters 1.0 0.0
2024-07-01 16:02:20 ERROR Calculator:47 - division by 0
2024-07-01 16:02:20 DEBUG Calculator:70 - Called with parameter 2
2024-07-01 16:02:20 DEBUG Calculator:70 - Called with parameter 5
2024-07-01 16:02:20 DEBUG Calculator:70 - Called with parameter -4
2024-07-01 16:02:20 DEBUG Calculator:21 - Called with parameters 4.0 5.0
2024-07-01 16:02:20 DEBUG Calculator:21 - Called with parameters -3.0 -5.0
2024-07-01 16:02:20 DEBUG Calculator:21 - Called with parameters 0.8 0.8
2024-07-01 16:02:20 DEBUG Calculator:33 - Called with parameters 10.0 8.0
2024-07-01 16:02:20 DEBUG Calculator:33 - Called with parameters -4.0 -8.0
2024-07-01 16:02:20 DEBUG Calculator:33 - Called with parameters 6.0 0.5
2024-07-01 16:02:20 DEBUG Calculator:60 - Called with parameters 5.0 5.0
2024-07-01 16:02:20 DEBUG Calculator:60 - Called with parameters -9.0 -6.0
2024-07-01 16:02:20 DEBUG Calculator:60 - Called with parameters 4.0 8.2
2024-07-02 11:16:34 DEBUG Calculator:45 - Called with parameters 16.0 8.0
2024-07-02 11:16:34 DEBUG Calculator:45 - Called with parameters -100.0 -10.0
2024-07-02 11:16:34 DEBUG Calculator:45 - Called with parameters 1.0 0.0
2024-07-02 11:16:34 ERROR Calculator:47 - division by 0
2024-07-02 11:16:34 DEBUG Calculator:70 - Called with parameter 2
2024-07-02 11:16:34 DEBUG Calculator:70 - Called with parameter 5
2024-07-02 11:16:34 DEBUG Calculator:70 - Called with parameter -4
2024-07-02 11:16:34 DEBUG Calculator:21 - Called with parameters 4.0 5.0
2024-07-02 11:16:34 DEBUG Calculator:21 - Called with parameters -3.0 -5.0
2024-07-02 11:16:34 DEBUG Calculator:21 - Called with parameters 0.8 0.8
2024-07-02 11:16:34 DEBUG Calculator:33 - Called with parameters 10.0 8.0
2024-07-02 11:16:34 DEBUG Calculator:33 - Called with parameters -4.0 -8.0
2024-07-02 11:16:34 DEBUG Calculator:33 - Called with parameters 6.0 0.5
2024-07-02 11:16:34 DEBUG Calculator:60 - Called with parameters 5.0 5.0
2024-07-02 11:16:34 DEBUG Calculator:60 - Called with parameters -9.0 -6.0
2024-07-02 11:16:34 DEBUG Calculator:60 - Called with parameters 4.0 8.2
2024-07-02 11:17:40 DEBUG Calculator:45 - Called with parameters 16.0 8.0
2024-07-02 11:17:41 DEBUG Calculator:45 - Called with parameters -100.0 -10.0
2024-07-02 11:17:41 DEBUG Calculator:45 - Called with parameters 1.0 0.0
2024-07-02 11:17:41 ERROR Calculator:47 - division by 0
2024-07-02 11:17:41 DEBUG Calculator:70 - Called with parameter 2
2024-07-02 11:17:41 DEBUG Calculator:70 - Called with parameter 5
2024-07-02 11:17:41 DEBUG Calculator:70 - Called with parameter -4
2024-07-02 11:17:41 DEBUG Calculator:21 - Called with parameters 4.0 5.0
2024-07-02 11:17:41 DEBUG Calculator:21 - Called with parameters -3.0 -5.0
2024-07-02 11:17:41 DEBUG Calculator:21 - Called with parameters 0.8 0.8
2024-07-02 11:17:41 DEBUG Calculator:33 - Called with parameters 10.0 8.0
2024-07-02 11:17:41 DEBUG Calculator:33 - Called with parameters -4.0 -8.0
2024-07-02 11:17:41 DEBUG Calculator:33 - Called with parameters 6.0 0.5
2024-07-02 11:17:41 DEBUG Calculator:60 - Called with parameters 5.0 5.0
2024-07-02 11:17:41 DEBUG Calculator:60 - Called with parameters -9.0 -6.0
2024-07-02 11:17:41 DEBUG Calculator:60 - Called with parameters 4.0 8.2
